<?xml version="1.0" encoding="UTF-8"?>
<testsuite xmlns:xsi="http://www.w3.org/2001/XMLSchema-instance" xsi:noNamespaceSchemaLocation="https://maven.apache.org/surefire/maven-surefire-plugin/xsd/surefire-test-report-3.0.xsd" version="3.0" name="com.myapp.tests.LoginTest" time="16.889" tests="1" errors="0" skipped="0" failures="0">
  <properties>
    <property name="java.specification.version" value="21"/>
    <property name="sun.jnu.encoding" value="UTF-8"/>
    <property name="java.class.path" value="/Users/jstenle/Documents/GitHub/QASandox/MyAppiumProject-SauceLabs/target/test-classes:/Users/jstenle/Documents/GitHub/QASandox/MyAppiumProject-SauceLabs/target/classes:/Users/jstenle/.m2/repository/io/appium/java-client/7.6.0/java-client-7.6.0.jar:/Users/jstenle/.m2/repository/org/seleniumhq/selenium/selenium-java/3.141.59/selenium-java-3.141.59.jar:/Users/jstenle/.m2/repository/org/seleniumhq/selenium/selenium-chrome-driver/3.141.59/selenium-chrome-driver-3.141.59.jar:/Users/jstenle/.m2/repository/org/seleniumhq/selenium/selenium-edge-driver/3.141.59/selenium-edge-driver-3.141.59.jar:/Users/jstenle/.m2/repository/org/seleniumhq/selenium/selenium-firefox-driver/3.141.59/selenium-firefox-driver-3.141.59.jar:/Users/jstenle/.m2/repository/org/seleniumhq/selenium/selenium-ie-driver/3.141.59/selenium-ie-driver-3.141.59.jar:/Users/jstenle/.m2/repository/org/seleniumhq/selenium/selenium-opera-driver/3.141.59/selenium-opera-driver-3.141.59.jar:/Users/jstenle/.m2/repository/org/seleniumhq/selenium/selenium-remote-driver/3.141.59/selenium-remote-driver-3.141.59.jar:/Users/jstenle/.m2/repository/org/seleniumhq/selenium/selenium-safari-driver/3.141.59/selenium-safari-driver-3.141.59.jar:/Users/jstenle/.m2/repository/net/bytebuddy/byte-buddy/1.8.15/byte-buddy-1.8.15.jar:/Users/jstenle/.m2/repository/org/apache/commons/commons-exec/1.3/commons-exec-1.3.jar:/Users/jstenle/.m2/repository/com/google/guava/guava/25.0-jre/guava-25.0-jre.jar:/Users/jstenle/.m2/repository/com/google/code/findbugs/jsr305/1.3.9/jsr305-1.3.9.jar:/Users/jstenle/.m2/repository/org/checkerframework/checker-compat-qual/2.0.0/checker-compat-qual-2.0.0.jar:/Users/jstenle/.m2/repository/com/google/errorprone/error_prone_annotations/2.1.3/error_prone_annotations-2.1.3.jar:/Users/jstenle/.m2/repository/com/google/j2objc/j2objc-annotations/1.1/j2objc-annotations-1.1.jar:/Users/jstenle/.m2/repository/org/codehaus/mojo/animal-sniffer-annotations/1.14/animal-sniffer-annotations-1.14.jar:/Users/jstenle/.m2/repository/com/squareup/okhttp3/okhttp/3.11.0/okhttp-3.11.0.jar:/Users/jstenle/.m2/repository/com/squareup/okio/okio/1.14.0/okio-1.14.0.jar:/Users/jstenle/.m2/repository/org/seleniumhq/selenium/selenium-support/3.141.59/selenium-support-3.141.59.jar:/Users/jstenle/.m2/repository/org/seleniumhq/selenium/selenium-api/3.141.59/selenium-api-3.141.59.jar:/Users/jstenle/.m2/repository/com/google/code/gson/gson/2.8.8/gson-2.8.8.jar:/Users/jstenle/.m2/repository/org/apache/httpcomponents/httpclient/4.5.13/httpclient-4.5.13.jar:/Users/jstenle/.m2/repository/org/apache/httpcomponents/httpcore/4.4.13/httpcore-4.4.13.jar:/Users/jstenle/.m2/repository/commons-logging/commons-logging/1.2/commons-logging-1.2.jar:/Users/jstenle/.m2/repository/commons-codec/commons-codec/1.11/commons-codec-1.11.jar:/Users/jstenle/.m2/repository/cglib/cglib/3.3.0/cglib-3.3.0.jar:/Users/jstenle/.m2/repository/org/ow2/asm/asm/7.1/asm-7.1.jar:/Users/jstenle/.m2/repository/commons-validator/commons-validator/1.7/commons-validator-1.7.jar:/Users/jstenle/.m2/repository/commons-beanutils/commons-beanutils/1.9.4/commons-beanutils-1.9.4.jar:/Users/jstenle/.m2/repository/commons-digester/commons-digester/2.1/commons-digester-2.1.jar:/Users/jstenle/.m2/repository/commons-collections/commons-collections/3.2.2/commons-collections-3.2.2.jar:/Users/jstenle/.m2/repository/org/apache/commons/commons-lang3/3.12.0/commons-lang3-3.12.0.jar:/Users/jstenle/.m2/repository/commons-io/commons-io/2.11.0/commons-io-2.11.0.jar:/Users/jstenle/.m2/repository/org/springframework/spring-context/5.3.10/spring-context-5.3.10.jar:/Users/jstenle/.m2/repository/org/springframework/spring-aop/5.3.10/spring-aop-5.3.10.jar:/Users/jstenle/.m2/repository/org/springframework/spring-beans/5.3.10/spring-beans-5.3.10.jar:/Users/jstenle/.m2/repository/org/springframework/spring-core/5.3.10/spring-core-5.3.10.jar:/Users/jstenle/.m2/repository/org/springframework/spring-jcl/5.3.10/spring-jcl-5.3.10.jar:/Users/jstenle/.m2/repository/org/springframework/spring-expression/5.3.10/spring-expression-5.3.10.jar:/Users/jstenle/.m2/repository/org/aspectj/aspectjweaver/1.9.7/aspectjweaver-1.9.7.jar:/Users/jstenle/.m2/repository/org/slf4j/slf4j-api/1.7.32/slf4j-api-1.7.32.jar:/Users/jstenle/.m2/repository/junit/junit/4.13.2/junit-4.13.2.jar:/Users/jstenle/.m2/repository/org/hamcrest/hamcrest-core/1.3/hamcrest-core-1.3.jar:/Users/jstenle/.m2/repository/org/mockito/mockito-junit-jupiter/4.0.0/mockito-junit-jupiter-4.0.0.jar:/Users/jstenle/.m2/repository/org/mockito/mockito-core/4.0.0/mockito-core-4.0.0.jar:/Users/jstenle/.m2/repository/net/bytebuddy/byte-buddy-agent/1.11.19/byte-buddy-agent-1.11.19.jar:/Users/jstenle/.m2/repository/org/objenesis/objenesis/3.2/objenesis-3.2.jar:/Users/jstenle/.m2/repository/org/junit/jupiter/junit-jupiter-api/5.8.1/junit-jupiter-api-5.8.1.jar:/Users/jstenle/.m2/repository/org/opentest4j/opentest4j/1.2.0/opentest4j-1.2.0.jar:/Users/jstenle/.m2/repository/org/junit/platform/junit-platform-commons/1.8.1/junit-platform-commons-1.8.1.jar:/Users/jstenle/.m2/repository/org/apiguardian/apiguardian-api/1.1.2/apiguardian-api-1.1.2.jar:"/>
    <property name="java.vm.vendor" value="Oracle Corporation"/>
    <property name="sun.arch.data.model" value="64"/>
    <property name="java.vendor.url" value="https://java.oracle.com/"/>
    <property name="user.timezone" value="America/Sao_Paulo"/>
    <property name="os.name" value="Mac OS X"/>
    <property name="java.vm.specification.version" value="21"/>
    <property name="sun.java.launcher" value="SUN_STANDARD"/>
    <property name="user.country" value="BR"/>
    <property name="sun.boot.library.path" value="/Library/Java/JavaVirtualMachines/jdk-21.jdk/Contents/Home/lib"/>
    <property name="sun.java.command" value="/Users/jstenle/Documents/GitHub/QASandox/MyAppiumProject-SauceLabs/target/surefire/surefirebooter8574054425087395207.jar /Users/jstenle/Documents/GitHub/QASandox/MyAppiumProject-SauceLabs/target/surefire 2025-02-02T11-26-54_315-jvmRun1 surefire13580263069298575853tmp surefire_011922280742597446931tmp"/>
    <property name="http.nonProxyHosts" value="local|*.local|169.254/16|*.169.254/16"/>
    <property name="jdk.debug" value="release"/>
    <property name="surefire.test.class.path" value="/Users/jstenle/Documents/GitHub/QASandox/MyAppiumProject-SauceLabs/target/test-classes:/Users/jstenle/Documents/GitHub/QASandox/MyAppiumProject-SauceLabs/target/classes:/Users/jstenle/.m2/repository/io/appium/java-client/7.6.0/java-client-7.6.0.jar:/Users/jstenle/.m2/repository/org/seleniumhq/selenium/selenium-java/3.141.59/selenium-java-3.141.59.jar:/Users/jstenle/.m2/repository/org/seleniumhq/selenium/selenium-chrome-driver/3.141.59/selenium-chrome-driver-3.141.59.jar:/Users/jstenle/.m2/repository/org/seleniumhq/selenium/selenium-edge-driver/3.141.59/selenium-edge-driver-3.141.59.jar:/Users/jstenle/.m2/repository/org/seleniumhq/selenium/selenium-firefox-driver/3.141.59/selenium-firefox-driver-3.141.59.jar:/Users/jstenle/.m2/repository/org/seleniumhq/selenium/selenium-ie-driver/3.141.59/selenium-ie-driver-3.141.59.jar:/Users/jstenle/.m2/repository/org/seleniumhq/selenium/selenium-opera-driver/3.141.59/selenium-opera-driver-3.141.59.jar:/Users/jstenle/.m2/repository/org/seleniumhq/selenium/selenium-remote-driver/3.141.59/selenium-remote-driver-3.141.59.jar:/Users/jstenle/.m2/repository/org/seleniumhq/selenium/selenium-safari-driver/3.141.59/selenium-safari-driver-3.141.59.jar:/Users/jstenle/.m2/repository/net/bytebuddy/byte-buddy/1.8.15/byte-buddy-1.8.15.jar:/Users/jstenle/.m2/repository/org/apache/commons/commons-exec/1.3/commons-exec-1.3.jar:/Users/jstenle/.m2/repository/com/google/guava/guava/25.0-jre/guava-25.0-jre.jar:/Users/jstenle/.m2/repository/com/google/code/findbugs/jsr305/1.3.9/jsr305-1.3.9.jar:/Users/jstenle/.m2/repository/org/checkerframework/checker-compat-qual/2.0.0/checker-compat-qual-2.0.0.jar:/Users/jstenle/.m2/repository/com/google/errorprone/error_prone_annotations/2.1.3/error_prone_annotations-2.1.3.jar:/Users/jstenle/.m2/repository/com/google/j2objc/j2objc-annotations/1.1/j2objc-annotations-1.1.jar:/Users/jstenle/.m2/repository/org/codehaus/mojo/animal-sniffer-annotations/1.14/animal-sniffer-annotations-1.14.jar:/Users/jstenle/.m2/repository/com/squareup/okhttp3/okhttp/3.11.0/okhttp-3.11.0.jar:/Users/jstenle/.m2/repository/com/squareup/okio/okio/1.14.0/okio-1.14.0.jar:/Users/jstenle/.m2/repository/org/seleniumhq/selenium/selenium-support/3.141.59/selenium-support-3.141.59.jar:/Users/jstenle/.m2/repository/org/seleniumhq/selenium/selenium-api/3.141.59/selenium-api-3.141.59.jar:/Users/jstenle/.m2/repository/com/google/code/gson/gson/2.8.8/gson-2.8.8.jar:/Users/jstenle/.m2/repository/org/apache/httpcomponents/httpclient/4.5.13/httpclient-4.5.13.jar:/Users/jstenle/.m2/repository/org/apache/httpcomponents/httpcore/4.4.13/httpcore-4.4.13.jar:/Users/jstenle/.m2/repository/commons-logging/commons-logging/1.2/commons-logging-1.2.jar:/Users/jstenle/.m2/repository/commons-codec/commons-codec/1.11/commons-codec-1.11.jar:/Users/jstenle/.m2/repository/cglib/cglib/3.3.0/cglib-3.3.0.jar:/Users/jstenle/.m2/repository/org/ow2/asm/asm/7.1/asm-7.1.jar:/Users/jstenle/.m2/repository/commons-validator/commons-validator/1.7/commons-validator-1.7.jar:/Users/jstenle/.m2/repository/commons-beanutils/commons-beanutils/1.9.4/commons-beanutils-1.9.4.jar:/Users/jstenle/.m2/repository/commons-digester/commons-digester/2.1/commons-digester-2.1.jar:/Users/jstenle/.m2/repository/commons-collections/commons-collections/3.2.2/commons-collections-3.2.2.jar:/Users/jstenle/.m2/repository/org/apache/commons/commons-lang3/3.12.0/commons-lang3-3.12.0.jar:/Users/jstenle/.m2/repository/commons-io/commons-io/2.11.0/commons-io-2.11.0.jar:/Users/jstenle/.m2/repository/org/springframework/spring-context/5.3.10/spring-context-5.3.10.jar:/Users/jstenle/.m2/repository/org/springframework/spring-aop/5.3.10/spring-aop-5.3.10.jar:/Users/jstenle/.m2/repository/org/springframework/spring-beans/5.3.10/spring-beans-5.3.10.jar:/Users/jstenle/.m2/repository/org/springframework/spring-core/5.3.10/spring-core-5.3.10.jar:/Users/jstenle/.m2/repository/org/springframework/spring-jcl/5.3.10/spring-jcl-5.3.10.jar:/Users/jstenle/.m2/repository/org/springframework/spring-expression/5.3.10/spring-expression-5.3.10.jar:/Users/jstenle/.m2/repository/org/aspectj/aspectjweaver/1.9.7/aspectjweaver-1.9.7.jar:/Users/jstenle/.m2/repository/org/slf4j/slf4j-api/1.7.32/slf4j-api-1.7.32.jar:/Users/jstenle/.m2/repository/junit/junit/4.13.2/junit-4.13.2.jar:/Users/jstenle/.m2/repository/org/hamcrest/hamcrest-core/1.3/hamcrest-core-1.3.jar:/Users/jstenle/.m2/repository/org/mockito/mockito-junit-jupiter/4.0.0/mockito-junit-jupiter-4.0.0.jar:/Users/jstenle/.m2/repository/org/mockito/mockito-core/4.0.0/mockito-core-4.0.0.jar:/Users/jstenle/.m2/repository/net/bytebuddy/byte-buddy-agent/1.11.19/byte-buddy-agent-1.11.19.jar:/Users/jstenle/.m2/repository/org/objenesis/objenesis/3.2/objenesis-3.2.jar:/Users/jstenle/.m2/repository/org/junit/jupiter/junit-jupiter-api/5.8.1/junit-jupiter-api-5.8.1.jar:/Users/jstenle/.m2/repository/org/opentest4j/opentest4j/1.2.0/opentest4j-1.2.0.jar:/Users/jstenle/.m2/repository/org/junit/platform/junit-platform-commons/1.8.1/junit-platform-commons-1.8.1.jar:/Users/jstenle/.m2/repository/org/apiguardian/apiguardian-api/1.1.2/apiguardian-api-1.1.2.jar:"/>
    <property name="sun.cpu.endian" value="little"/>
    <property name="user.home" value="/Users/jstenle"/>
    <property name="user.language" value="pt"/>
    <property name="java.specification.vendor" value="Oracle Corporation"/>
    <property name="java.version.date" value="2025-01-21"/>
    <property name="java.home" value="/Library/Java/JavaVirtualMachines/jdk-21.jdk/Contents/Home"/>
    <property name="file.separator" value="/"/>
    <property name="basedir" value="/Users/jstenle/Documents/GitHub/QASandox/MyAppiumProject-SauceLabs"/>
    <property name="style.color" value="always"/>
    <property name="java.vm.compressedOopsMode" value="Zero based"/>
    <property name="line.separator" value="&#10;"/>
    <property name="java.vm.specification.vendor" value="Oracle Corporation"/>
    <property name="java.specification.name" value="Java Platform API Specification"/>
    <property name="apple.awt.application.name" value="ForkedBooter"/>
    <property name="surefire.real.class.path" value="/Users/jstenle/Documents/GitHub/QASandox/MyAppiumProject-SauceLabs/target/surefire/surefirebooter8574054425087395207.jar"/>
    <property name="sun.management.compiler" value="HotSpot 64-Bit Tiered Compilers"/>
    <property name="ftp.nonProxyHosts" value="local|*.local|169.254/16|*.169.254/16"/>
    <property name="java.runtime.version" value="21.0.6+8-LTS-188"/>
    <property name="user.name" value="jstenle"/>
    <property name="stdout.encoding" value="UTF-8"/>
    <property name="path.separator" value=":"/>
    <property name="os.version" value="11.7.10"/>
    <property name="java.runtime.name" value="Java(TM) SE Runtime Environment"/>
    <property name="file.encoding" value="UTF-8"/>
    <property name="java.vm.name" value="Java HotSpot(TM) 64-Bit Server VM"/>
    <property name="localRepository" value="/Users/jstenle/.m2/repository"/>
    <property name="java.vendor.url.bug" value="https://bugreport.java.com/bugreport/"/>
    <property name="java.io.tmpdir" value="/var/folders/1d/0g6ggzdn47z1f4yhs5k8k9jc0000gn/T/"/>
    <property name="java.version" value="21.0.6"/>
    <property name="user.dir" value="/Users/jstenle/Documents/GitHub/QASandox/MyAppiumProject-SauceLabs"/>
    <property name="os.arch" value="x86_64"/>
    <property name="java.vm.specification.name" value="Java Virtual Machine Specification"/>
    <property name="native.encoding" value="UTF-8"/>
    <property name="java.library.path" value="/Users/jstenle/Library/Java/Extensions:/Library/Java/Extensions:/Network/Library/Java/Extensions:/System/Library/Java/Extensions:/usr/lib/java:."/>
    <property name="java.vm.info" value="mixed mode, sharing"/>
    <property name="stderr.encoding" value="UTF-8"/>
    <property name="java.vendor" value="Oracle Corporation"/>
    <property name="java.vm.version" value="21.0.6+8-LTS-188"/>
    <property name="sun.io.unicode.encoding" value="UnicodeBig"/>
    <property name="socksNonProxyHosts" value="local|*.local|169.254/16|*.169.254/16"/>
    <property name="java.class.version" value="65.0"/>
  </properties>
  <testcase name="validateLoginAndProductNavigation" classname="com.myapp.tests.LoginTest" time="16.876">
    <system-err><![CDATA[fev. 02, 2025 11:27:03 AM io.appium.java_client.remote.AppiumCommandExecutor$1 lambda$0
INFO: Detected dialect: W3C
Elemento do produto 'Sauce Labs Backpack' não encontrado: An element could not be located on the page using the given search parameters.
For documentation on this error, please visit: https://www.seleniumhq.org/exceptions/no_such_element.html
Build info: version: '3.141.59', revision: 'e82be7d358', time: '2018-11-14T08:17:03'
System info: host: 'Jonatass-MacBook-Pro.local', ip: 'fe80:0:0:0:e2:80fe:ef65:6a4d%en0', os.name: 'Mac OS X', os.arch: 'x86_64', os.version: '11.7.10', java.version: '21.0.6'
Driver info: io.appium.java_client.android.AndroidDriver
Capabilities {appActivity: com.swaglabsmobileapp.MainA..., appPackage: com.swaglabsmobileapp, autoGrantPermissions: true, automationName: UiAutomator2, databaseEnabled: false, desired: {appActivity: com.swaglabsmobileapp.MainA..., appPackage: com.swaglabsmobileapp, autoGrantPermissions: true, automationName: UiAutomator2, deviceName: emulator-5554, platformName: android, platformVersion: 15.0}, deviceApiLevel: 35, deviceManufacturer: Google, deviceModel: sdk_gphone64_x86_64, deviceName: emulator-5554, deviceScreenDensity: 420, deviceScreenSize: 1080x2400, deviceUDID: emulator-5554, javascriptEnabled: true, locationContextEnabled: false, networkConnectionEnabled: true, pixelRatio: 2.625, platform: LINUX, platformName: Android, platformVersion: 15, statBarHeight: 63, takesScreenshot: true, viewportRect: {height: 2337, left: 0, top: 63, width: 1080}, warnings: {}, webStorageEnabled: false}
Session ID: 0082062a-3ffd-4cc9-b590-6ac845043330
*** Element info: {Using=xpath, value=//android.widget.TextView[@text='Sauce Labs Backpack']}
]]></system-err>
  </testcase>
</testsuite>